<?xml version="1.0" encoding="UTF-8"?>
<testsuite xmlns:xsi="http://www.w3.org/2001/XMLSchema-instance" xsi:noNamespaceSchemaLocation="https://maven.apache.org/surefire/maven-surefire-plugin/xsd/surefire-test-report-3.0.xsd" version="3.0" name="runners.TestRunner" time="40.701" tests="7" errors="0" skipped="0" failures="0">
  <properties>
    <property name="java.specification.version" value="24"/>
    <property name="sun.cpu.isalist" value="amd64"/>
    <property name="sun.jnu.encoding" value="Cp1252"/>
    <property name="java.class.path" value="D:\GitHubAPI\Bookinbg\target\test-classes;D:\GitHubAPI\Bookinbg\target\classes;C:\Users\saida\.m2\repository\org\seleniumhq\selenium\selenium-java\4.23.0\selenium-java-4.23.0.jar;C:\Users\saida\.m2\repository\org\seleniumhq\selenium\selenium-api\4.23.0\selenium-api-4.23.0.jar;C:\Users\saida\.m2\repository\org\seleniumhq\selenium\selenium-chrome-driver\4.23.0\selenium-chrome-driver-4.23.0.jar;C:\Users\saida\.m2\repository\com\google\auto\service\auto-service-annotations\1.1.1\auto-service-annotations-1.1.1.jar;C:\Users\saida\.m2\repository\org\seleniumhq\selenium\selenium-chromium-driver\4.23.0\selenium-chromium-driver-4.23.0.jar;C:\Users\saida\.m2\repository\org\seleniumhq\selenium\selenium-json\4.23.0\selenium-json-4.23.0.jar;C:\Users\saida\.m2\repository\org\seleniumhq\selenium\selenium-manager\4.23.0\selenium-manager-4.23.0.jar;C:\Users\saida\.m2\repository\org\seleniumhq\selenium\selenium-devtools-v125\4.23.0\selenium-devtools-v125-4.23.0.jar;C:\Users\saida\.m2\repository\org\seleniumhq\selenium\selenium-devtools-v126\4.23.0\selenium-devtools-v126-4.23.0.jar;C:\Users\saida\.m2\repository\org\seleniumhq\selenium\selenium-devtools-v127\4.23.0\selenium-devtools-v127-4.23.0.jar;C:\Users\saida\.m2\repository\org\seleniumhq\selenium\selenium-devtools-v85\4.23.0\selenium-devtools-v85-4.23.0.jar;C:\Users\saida\.m2\repository\org\seleniumhq\selenium\selenium-edge-driver\4.23.0\selenium-edge-driver-4.23.0.jar;C:\Users\saida\.m2\repository\org\seleniumhq\selenium\selenium-firefox-driver\4.23.0\selenium-firefox-driver-4.23.0.jar;C:\Users\saida\.m2\repository\org\seleniumhq\selenium\selenium-http\4.23.0\selenium-http-4.23.0.jar;C:\Users\saida\.m2\repository\dev\failsafe\failsafe\3.3.2\failsafe-3.3.2.jar;C:\Users\saida\.m2\repository\org\seleniumhq\selenium\selenium-ie-driver\4.23.0\selenium-ie-driver-4.23.0.jar;C:\Users\saida\.m2\repository\org\seleniumhq\selenium\selenium-remote-driver\4.23.0\selenium-remote-driver-4.23.0.jar;C:\Users\saida\.m2\repository\com\google\guava\guava\33.2.1-jre\guava-33.2.1-jre.jar;C:\Users\saida\.m2\repository\com\google\guava\failureaccess\1.0.2\failureaccess-1.0.2.jar;C:\Users\saida\.m2\repository\com\google\guava\listenablefuture\9999.0-empty-to-avoid-conflict-with-guava\listenablefuture-9999.0-empty-to-avoid-conflict-with-guava.jar;C:\Users\saida\.m2\repository\com\google\code\findbugs\jsr305\3.0.2\jsr305-3.0.2.jar;C:\Users\saida\.m2\repository\org\checkerframework\checker-qual\3.42.0\checker-qual-3.42.0.jar;C:\Users\saida\.m2\repository\com\google\errorprone\error_prone_annotations\2.26.1\error_prone_annotations-2.26.1.jar;C:\Users\saida\.m2\repository\com\google\j2objc\j2objc-annotations\3.0.0\j2objc-annotations-3.0.0.jar;C:\Users\saida\.m2\repository\io\opentelemetry\semconv\opentelemetry-semconv\1.25.0-alpha\opentelemetry-semconv-1.25.0-alpha.jar;C:\Users\saida\.m2\repository\io\opentelemetry\opentelemetry-api\1.40.0\opentelemetry-api-1.40.0.jar;C:\Users\saida\.m2\repository\io\opentelemetry\opentelemetry-context\1.40.0\opentelemetry-context-1.40.0.jar;C:\Users\saida\.m2\repository\io\opentelemetry\opentelemetry-exporter-logging\1.40.0\opentelemetry-exporter-logging-1.40.0.jar;C:\Users\saida\.m2\repository\io\opentelemetry\opentelemetry-sdk-common\1.40.0\opentelemetry-sdk-common-1.40.0.jar;C:\Users\saida\.m2\repository\io\opentelemetry\opentelemetry-sdk-extension-autoconfigure-spi\1.40.0\opentelemetry-sdk-extension-autoconfigure-spi-1.40.0.jar;C:\Users\saida\.m2\repository\io\opentelemetry\opentelemetry-sdk-extension-autoconfigure\1.40.0\opentelemetry-sdk-extension-autoconfigure-1.40.0.jar;C:\Users\saida\.m2\repository\io\opentelemetry\opentelemetry-api-incubator\1.40.0-alpha\opentelemetry-api-incubator-1.40.0-alpha.jar;C:\Users\saida\.m2\repository\io\opentelemetry\opentelemetry-sdk-trace\1.40.0\opentelemetry-sdk-trace-1.40.0.jar;C:\Users\saida\.m2\repository\io\opentelemetry\opentelemetry-sdk\1.40.0\opentelemetry-sdk-1.40.0.jar;C:\Users\saida\.m2\repository\io\opentelemetry\opentelemetry-sdk-metrics\1.40.0\opentelemetry-sdk-metrics-1.40.0.jar;C:\Users\saida\.m2\repository\io\opentelemetry\opentelemetry-sdk-logs\1.40.0\opentelemetry-sdk-logs-1.40.0.jar;C:\Users\saida\.m2\repository\net\bytebuddy\byte-buddy\1.14.18\byte-buddy-1.14.18.jar;C:\Users\saida\.m2\repository\org\seleniumhq\selenium\selenium-os\4.23.0\selenium-os-4.23.0.jar;C:\Users\saida\.m2\repository\org\apache\commons\commons-exec\1.4.0\commons-exec-1.4.0.jar;C:\Users\saida\.m2\repository\org\seleniumhq\selenium\selenium-safari-driver\4.23.0\selenium-safari-driver-4.23.0.jar;C:\Users\saida\.m2\repository\org\seleniumhq\selenium\selenium-support\4.23.0\selenium-support-4.23.0.jar;C:\Users\saida\.m2\repository\io\rest-assured\rest-assured\5.5.0\rest-assured-5.5.0.jar;C:\Users\saida\.m2\repository\org\apache\groovy\groovy\4.0.22\groovy-4.0.22.jar;C:\Users\saida\.m2\repository\org\apache\groovy\groovy-xml\4.0.22\groovy-xml-4.0.22.jar;C:\Users\saida\.m2\repository\org\apache\httpcomponents\httpclient\4.5.13\httpclient-4.5.13.jar;C:\Users\saida\.m2\repository\org\apache\httpcomponents\httpcore\4.4.13\httpcore-4.4.13.jar;C:\Users\saida\.m2\repository\commons-logging\commons-logging\1.2\commons-logging-1.2.jar;C:\Users\saida\.m2\repository\commons-codec\commons-codec\1.11\commons-codec-1.11.jar;C:\Users\saida\.m2\repository\org\apache\httpcomponents\httpmime\4.5.13\httpmime-4.5.13.jar;C:\Users\saida\.m2\repository\org\hamcrest\hamcrest\2.2\hamcrest-2.2.jar;C:\Users\saida\.m2\repository\org\ccil\cowan\tagsoup\tagsoup\1.2.1\tagsoup-1.2.1.jar;C:\Users\saida\.m2\repository\io\rest-assured\json-path\5.5.0\json-path-5.5.0.jar;C:\Users\saida\.m2\repository\org\apache\groovy\groovy-json\4.0.22\groovy-json-4.0.22.jar;C:\Users\saida\.m2\repository\io\rest-assured\rest-assured-common\5.5.0\rest-assured-common-5.5.0.jar;C:\Users\saida\.m2\repository\io\rest-assured\xml-path\5.5.0\xml-path-5.5.0.jar;C:\Users\saida\.m2\repository\org\apache\commons\commons-lang3\3.11\commons-lang3-3.11.jar;C:\Users\saida\.m2\repository\io\cucumber\cucumber-java\7.20.1\cucumber-java-7.20.1.jar;C:\Users\saida\.m2\repository\io\cucumber\cucumber-core\7.20.1\cucumber-core-7.20.1.jar;C:\Users\saida\.m2\repository\io\cucumber\cucumber-gherkin\7.20.1\cucumber-gherkin-7.20.1.jar;C:\Users\saida\.m2\repository\io\cucumber\cucumber-gherkin-messages\7.20.1\cucumber-gherkin-messages-7.20.1.jar;C:\Users\saida\.m2\repository\io\cucumber\gherkin\28.0.0\gherkin-28.0.0.jar;C:\Users\saida\.m2\repository\io\cucumber\messages\24.1.0\messages-24.1.0.jar;C:\Users\saida\.m2\repository\io\cucumber\testng-xml-formatter\0.2.0\testng-xml-formatter-0.2.0.jar;C:\Users\saida\.m2\repository\io\cucumber\query\12.2.0\query-12.2.0.jar;C:\Users\saida\.m2\repository\io\cucumber\tag-expressions\6.1.0\tag-expressions-6.1.0.jar;C:\Users\saida\.m2\repository\io\cucumber\cucumber-expressions\17.1.0\cucumber-expressions-17.1.0.jar;C:\Users\saida\.m2\repository\io\cucumber\datatable\7.20.1\datatable-7.20.1.jar;C:\Users\saida\.m2\repository\io\cucumber\cucumber-plugin\7.20.1\cucumber-plugin-7.20.1.jar;C:\Users\saida\.m2\repository\io\cucumber\docstring\7.20.1\docstring-7.20.1.jar;C:\Users\saida\.m2\repository\io\cucumber\html-formatter\21.7.0\html-formatter-21.7.0.jar;C:\Users\saida\.m2\repository\io\cucumber\junit-xml-formatter\0.5.0\junit-xml-formatter-0.5.0.jar;C:\Users\saida\.m2\repository\io\cucumber\ci-environment\10.0.1\ci-environment-10.0.1.jar;C:\Users\saida\.m2\repository\org\apiguardian\apiguardian-api\1.1.2\apiguardian-api-1.1.2.jar;C:\Users\saida\.m2\repository\io\cucumber\cucumber-junit\7.20.1\cucumber-junit-7.20.1.jar;C:\Users\saida\.m2\repository\junit\junit\4.13.2\junit-4.13.2.jar;C:\Users\saida\.m2\repository\org\hamcrest\hamcrest-core\1.3\hamcrest-core-1.3.jar;C:\Users\saida\.m2\repository\org\json\json\20240303\json-20240303.jar;C:\Users\saida\.m2\repository\com\fasterxml\jackson\core\jackson-databind\2.17.2\jackson-databind-2.17.2.jar;C:\Users\saida\.m2\repository\com\fasterxml\jackson\core\jackson-annotations\2.17.2\jackson-annotations-2.17.2.jar;C:\Users\saida\.m2\repository\com\fasterxml\jackson\core\jackson-core\2.17.2\jackson-core-2.17.2.jar;C:\Users\saida\.m2\repository\io\cucumber\cucumber-picocontainer\7.20.1\cucumber-picocontainer-7.20.1.jar;C:\Users\saida\.m2\repository\org\picocontainer\picocontainer\2.15\picocontainer-2.15.jar;"/>
    <property name="java.vm.vendor" value="Oracle Corporation"/>
    <property name="sun.arch.data.model" value="64"/>
    <property name="user.variant" value=""/>
    <property name="java.vendor.url" value="https://java.oracle.com/"/>
    <property name="user.timezone" value="Asia/Calcutta"/>
    <property name="os.name" value="Windows 11"/>
    <property name="java.vm.specification.version" value="24"/>
    <property name="sun.java.launcher" value="SUN_STANDARD"/>
    <property name="user.country" value="IN"/>
    <property name="sun.boot.library.path" value="C:\Program Files\Java\jdk-24\bin"/>
    <property name="sun.java.command" value="C:\Users\saida\AppData\Local\Temp\surefire16977336987647900963\surefirebooter-20250916172825473_3.jar C:\Users\saida\AppData\Local\Temp\surefire16977336987647900963 2025-09-16T17-28-25_361-jvmRun1 surefire-20250916172825473_1tmp surefire_0-20250916172825473_2tmp"/>
    <property name="jdk.debug" value="release"/>
    <property name="surefire.test.class.path" value="D:\GitHubAPI\Bookinbg\target\test-classes;D:\GitHubAPI\Bookinbg\target\classes;C:\Users\saida\.m2\repository\org\seleniumhq\selenium\selenium-java\4.23.0\selenium-java-4.23.0.jar;C:\Users\saida\.m2\repository\org\seleniumhq\selenium\selenium-api\4.23.0\selenium-api-4.23.0.jar;C:\Users\saida\.m2\repository\org\seleniumhq\selenium\selenium-chrome-driver\4.23.0\selenium-chrome-driver-4.23.0.jar;C:\Users\saida\.m2\repository\com\google\auto\service\auto-service-annotations\1.1.1\auto-service-annotations-1.1.1.jar;C:\Users\saida\.m2\repository\org\seleniumhq\selenium\selenium-chromium-driver\4.23.0\selenium-chromium-driver-4.23.0.jar;C:\Users\saida\.m2\repository\org\seleniumhq\selenium\selenium-json\4.23.0\selenium-json-4.23.0.jar;C:\Users\saida\.m2\repository\org\seleniumhq\selenium\selenium-manager\4.23.0\selenium-manager-4.23.0.jar;C:\Users\saida\.m2\repository\org\seleniumhq\selenium\selenium-devtools-v125\4.23.0\selenium-devtools-v125-4.23.0.jar;C:\Users\saida\.m2\repository\org\seleniumhq\selenium\selenium-devtools-v126\4.23.0\selenium-devtools-v126-4.23.0.jar;C:\Users\saida\.m2\repository\org\seleniumhq\selenium\selenium-devtools-v127\4.23.0\selenium-devtools-v127-4.23.0.jar;C:\Users\saida\.m2\repository\org\seleniumhq\selenium\selenium-devtools-v85\4.23.0\selenium-devtools-v85-4.23.0.jar;C:\Users\saida\.m2\repository\org\seleniumhq\selenium\selenium-edge-driver\4.23.0\selenium-edge-driver-4.23.0.jar;C:\Users\saida\.m2\repository\org\seleniumhq\selenium\selenium-firefox-driver\4.23.0\selenium-firefox-driver-4.23.0.jar;C:\Users\saida\.m2\repository\org\seleniumhq\selenium\selenium-http\4.23.0\selenium-http-4.23.0.jar;C:\Users\saida\.m2\repository\dev\failsafe\failsafe\3.3.2\failsafe-3.3.2.jar;C:\Users\saida\.m2\repository\org\seleniumhq\selenium\selenium-ie-driver\4.23.0\selenium-ie-driver-4.23.0.jar;C:\Users\saida\.m2\repository\org\seleniumhq\selenium\selenium-remote-driver\4.23.0\selenium-remote-driver-4.23.0.jar;C:\Users\saida\.m2\repository\com\google\guava\guava\33.2.1-jre\guava-33.2.1-jre.jar;C:\Users\saida\.m2\repository\com\google\guava\failureaccess\1.0.2\failureaccess-1.0.2.jar;C:\Users\saida\.m2\repository\com\google\guava\listenablefuture\9999.0-empty-to-avoid-conflict-with-guava\listenablefuture-9999.0-empty-to-avoid-conflict-with-guava.jar;C:\Users\saida\.m2\repository\com\google\code\findbugs\jsr305\3.0.2\jsr305-3.0.2.jar;C:\Users\saida\.m2\repository\org\checkerframework\checker-qual\3.42.0\checker-qual-3.42.0.jar;C:\Users\saida\.m2\repository\com\google\errorprone\error_prone_annotations\2.26.1\error_prone_annotations-2.26.1.jar;C:\Users\saida\.m2\repository\com\google\j2objc\j2objc-annotations\3.0.0\j2objc-annotations-3.0.0.jar;C:\Users\saida\.m2\repository\io\opentelemetry\semconv\opentelemetry-semconv\1.25.0-alpha\opentelemetry-semconv-1.25.0-alpha.jar;C:\Users\saida\.m2\repository\io\opentelemetry\opentelemetry-api\1.40.0\opentelemetry-api-1.40.0.jar;C:\Users\saida\.m2\repository\io\opentelemetry\opentelemetry-context\1.40.0\opentelemetry-context-1.40.0.jar;C:\Users\saida\.m2\repository\io\opentelemetry\opentelemetry-exporter-logging\1.40.0\opentelemetry-exporter-logging-1.40.0.jar;C:\Users\saida\.m2\repository\io\opentelemetry\opentelemetry-sdk-common\1.40.0\opentelemetry-sdk-common-1.40.0.jar;C:\Users\saida\.m2\repository\io\opentelemetry\opentelemetry-sdk-extension-autoconfigure-spi\1.40.0\opentelemetry-sdk-extension-autoconfigure-spi-1.40.0.jar;C:\Users\saida\.m2\repository\io\opentelemetry\opentelemetry-sdk-extension-autoconfigure\1.40.0\opentelemetry-sdk-extension-autoconfigure-1.40.0.jar;C:\Users\saida\.m2\repository\io\opentelemetry\opentelemetry-api-incubator\1.40.0-alpha\opentelemetry-api-incubator-1.40.0-alpha.jar;C:\Users\saida\.m2\repository\io\opentelemetry\opentelemetry-sdk-trace\1.40.0\opentelemetry-sdk-trace-1.40.0.jar;C:\Users\saida\.m2\repository\io\opentelemetry\opentelemetry-sdk\1.40.0\opentelemetry-sdk-1.40.0.jar;C:\Users\saida\.m2\repository\io\opentelemetry\opentelemetry-sdk-metrics\1.40.0\opentelemetry-sdk-metrics-1.40.0.jar;C:\Users\saida\.m2\repository\io\opentelemetry\opentelemetry-sdk-logs\1.40.0\opentelemetry-sdk-logs-1.40.0.jar;C:\Users\saida\.m2\repository\net\bytebuddy\byte-buddy\1.14.18\byte-buddy-1.14.18.jar;C:\Users\saida\.m2\repository\org\seleniumhq\selenium\selenium-os\4.23.0\selenium-os-4.23.0.jar;C:\Users\saida\.m2\repository\org\apache\commons\commons-exec\1.4.0\commons-exec-1.4.0.jar;C:\Users\saida\.m2\repository\org\seleniumhq\selenium\selenium-safari-driver\4.23.0\selenium-safari-driver-4.23.0.jar;C:\Users\saida\.m2\repository\org\seleniumhq\selenium\selenium-support\4.23.0\selenium-support-4.23.0.jar;C:\Users\saida\.m2\repository\io\rest-assured\rest-assured\5.5.0\rest-assured-5.5.0.jar;C:\Users\saida\.m2\repository\org\apache\groovy\groovy\4.0.22\groovy-4.0.22.jar;C:\Users\saida\.m2\repository\org\apache\groovy\groovy-xml\4.0.22\groovy-xml-4.0.22.jar;C:\Users\saida\.m2\repository\org\apache\httpcomponents\httpclient\4.5.13\httpclient-4.5.13.jar;C:\Users\saida\.m2\repository\org\apache\httpcomponents\httpcore\4.4.13\httpcore-4.4.13.jar;C:\Users\saida\.m2\repository\commons-logging\commons-logging\1.2\commons-logging-1.2.jar;C:\Users\saida\.m2\repository\commons-codec\commons-codec\1.11\commons-codec-1.11.jar;C:\Users\saida\.m2\repository\org\apache\httpcomponents\httpmime\4.5.13\httpmime-4.5.13.jar;C:\Users\saida\.m2\repository\org\hamcrest\hamcrest\2.2\hamcrest-2.2.jar;C:\Users\saida\.m2\repository\org\ccil\cowan\tagsoup\tagsoup\1.2.1\tagsoup-1.2.1.jar;C:\Users\saida\.m2\repository\io\rest-assured\json-path\5.5.0\json-path-5.5.0.jar;C:\Users\saida\.m2\repository\org\apache\groovy\groovy-json\4.0.22\groovy-json-4.0.22.jar;C:\Users\saida\.m2\repository\io\rest-assured\rest-assured-common\5.5.0\rest-assured-common-5.5.0.jar;C:\Users\saida\.m2\repository\io\rest-assured\xml-path\5.5.0\xml-path-5.5.0.jar;C:\Users\saida\.m2\repository\org\apache\commons\commons-lang3\3.11\commons-lang3-3.11.jar;C:\Users\saida\.m2\repository\io\cucumber\cucumber-java\7.20.1\cucumber-java-7.20.1.jar;C:\Users\saida\.m2\repository\io\cucumber\cucumber-core\7.20.1\cucumber-core-7.20.1.jar;C:\Users\saida\.m2\repository\io\cucumber\cucumber-gherkin\7.20.1\cucumber-gherkin-7.20.1.jar;C:\Users\saida\.m2\repository\io\cucumber\cucumber-gherkin-messages\7.20.1\cucumber-gherkin-messages-7.20.1.jar;C:\Users\saida\.m2\repository\io\cucumber\gherkin\28.0.0\gherkin-28.0.0.jar;C:\Users\saida\.m2\repository\io\cucumber\messages\24.1.0\messages-24.1.0.jar;C:\Users\saida\.m2\repository\io\cucumber\testng-xml-formatter\0.2.0\testng-xml-formatter-0.2.0.jar;C:\Users\saida\.m2\repository\io\cucumber\query\12.2.0\query-12.2.0.jar;C:\Users\saida\.m2\repository\io\cucumber\tag-expressions\6.1.0\tag-expressions-6.1.0.jar;C:\Users\saida\.m2\repository\io\cucumber\cucumber-expressions\17.1.0\cucumber-expressions-17.1.0.jar;C:\Users\saida\.m2\repository\io\cucumber\datatable\7.20.1\datatable-7.20.1.jar;C:\Users\saida\.m2\repository\io\cucumber\cucumber-plugin\7.20.1\cucumber-plugin-7.20.1.jar;C:\Users\saida\.m2\repository\io\cucumber\docstring\7.20.1\docstring-7.20.1.jar;C:\Users\saida\.m2\repository\io\cucumber\html-formatter\21.7.0\html-formatter-21.7.0.jar;C:\Users\saida\.m2\repository\io\cucumber\junit-xml-formatter\0.5.0\junit-xml-formatter-0.5.0.jar;C:\Users\saida\.m2\repository\io\cucumber\ci-environment\10.0.1\ci-environment-10.0.1.jar;C:\Users\saida\.m2\repository\org\apiguardian\apiguardian-api\1.1.2\apiguardian-api-1.1.2.jar;C:\Users\saida\.m2\repository\io\cucumber\cucumber-junit\7.20.1\cucumber-junit-7.20.1.jar;C:\Users\saida\.m2\repository\junit\junit\4.13.2\junit-4.13.2.jar;C:\Users\saida\.m2\repository\org\hamcrest\hamcrest-core\1.3\hamcrest-core-1.3.jar;C:\Users\saida\.m2\repository\org\json\json\20240303\json-20240303.jar;C:\Users\saida\.m2\repository\com\fasterxml\jackson\core\jackson-databind\2.17.2\jackson-databind-2.17.2.jar;C:\Users\saida\.m2\repository\com\fasterxml\jackson\core\jackson-annotations\2.17.2\jackson-annotations-2.17.2.jar;C:\Users\saida\.m2\repository\com\fasterxml\jackson\core\jackson-core\2.17.2\jackson-core-2.17.2.jar;C:\Users\saida\.m2\repository\io\cucumber\cucumber-picocontainer\7.20.1\cucumber-picocontainer-7.20.1.jar;C:\Users\saida\.m2\repository\org\picocontainer\picocontainer\2.15\picocontainer-2.15.jar;"/>
    <property name="sun.cpu.endian" value="little"/>
    <property name="user.home" value="C:\Users\saida"/>
    <property name="user.language" value="en"/>
    <property name="java.specification.vendor" value="Oracle Corporation"/>
    <property name="java.version.date" value="2025-07-15"/>
    <property name="java.home" value="C:\Program Files\Java\jdk-24"/>
    <property name="file.separator" value="\"/>
    <property name="basedir" value="D:\GitHubAPI\Bookinbg"/>
    <property name="java.vm.compressedOopsMode" value="Zero based"/>
    <property name="line.separator" value="&#10;"/>
    <property name="java.vm.specification.vendor" value="Oracle Corporation"/>
    <property name="java.specification.name" value="Java Platform API Specification"/>
    <property name="surefire.real.class.path" value="C:\Users\saida\AppData\Local\Temp\surefire16977336987647900963\surefirebooter-20250916172825473_3.jar"/>
    <property name="user.script" value=""/>
    <property name="sun.management.compiler" value="HotSpot 64-Bit Tiered Compilers"/>
    <property name="java.runtime.version" value="24.0.2+12-54"/>
    <property name="user.name" value="saida"/>
    <property name="stdout.encoding" value="Cp1252"/>
    <property name="path.separator" value=";"/>
    <property name="os.version" value="10.0"/>
    <property name="java.runtime.name" value="Java(TM) SE Runtime Environment"/>
    <property name="file.encoding" value="UTF-8"/>
    <property name="java.vm.name" value="Java HotSpot(TM) 64-Bit Server VM"/>
    <property name="localRepository" value="C:\Users\saida\.m2\repository"/>
    <property name="java.vendor.url.bug" value="https://bugreport.java.com/bugreport/"/>
    <property name="java.io.tmpdir" value="C:\Users\saida\AppData\Local\Temp\"/>
    <property name="java.version" value="24.0.2"/>
    <property name="user.dir" value="D:\GitHubAPI\Bookinbg"/>
    <property name="os.arch" value="amd64"/>
    <property name="java.vm.specification.name" value="Java Virtual Machine Specification"/>
    <property name="sun.os.patch.level" value=""/>
    <property name="native.encoding" value="Cp1252"/>
    <property name="java.library.path" value="C:\Program Files\Java\jdk-24\bin;C:\Windows\Sun\Java\bin;C:\Windows\system32;C:\Windows;C:\Program Files\Python\Python313\Scripts\;C:\Program Files\Python\Python313\;C:\Windows\system32;C:\Windows;C:\Windows\System32\Wbem;C:\Windows\System32\WindowsPowerShell\v1.0\;C:\Windows\System32\OpenSSH\;C:\Program Files\Java\jdk-24\bin;C:\Users\saida\AppData\Roaming\Python\Python313\Scripts;C:\Program Files\nodejs\;C:\ProgramData\chocolatey\bin;C:\Program Files\Git\cmd;C:\Program Files\nodejs\node.exe;C:\apache-maven-3.9.11-bin\apache-maven-3.9.11\bin;C:\Users\saida\AppData\Local\Microsoft\WindowsApps;;C:\Program Files\JetBrains\IntelliJ IDEA 2025.2\bin;C:\Program Files\JetBrains\PyCharm 2025.1.3.1\bin;;C:\Users\saida\AppData\Roaming\npm;."/>
    <property name="java.vm.info" value="mixed mode, sharing"/>
    <property name="stderr.encoding" value="Cp1252"/>
    <property name="java.vendor" value="Oracle Corporation"/>
    <property name="java.vm.version" value="24.0.2+12-54"/>
    <property name="sun.io.unicode.encoding" value="UnicodeLittle"/>
    <property name="java.class.version" value="68.0"/>
  </properties>
  <testcase name="Create a room booking #1" classname="Test create a room booking" time="21.246">
    <system-out><![CDATA[
@CreateBooking @hotelbookingregressiontests @HappyFlow
Scenario Outline: Create a room booking           &amp#27;[90m# src/test/resources/features/CreateBooking.feature:14&amp#27;[0m
➡️ Booking API endpoint: api/booking
  &amp#27;[32mGiven &amp#27;[0m&amp#27;[32muser hits endpoint &amp#27;[0m&amp#27;[32m&amp#27;[1m"api/booking"&amp#27;[0m          &amp#27;[90m# stepDefinitions.BookingSteps.user_hits_endpoint(java.lang.String)&amp#27;[0m
➡️ Booking Response Status: 200
[
    
]
  &amp#27;[32mWhen &amp#27;[0m&amp#27;[32muser books the room with the given details&amp#27;[0m &amp#27;[90m# stepDefinitions.BookingSteps.user_books_the_room_with_the_given_details(io.cucumber.datatable.DataTable)&amp#27;[0m
    | firstname | lastname | email               | phone       | checkin    | checkout   |
    | User      | five     | user.five@gmail.com | 46645895464 | 2025-09-16 | 2025-09-19 |
  &amp#27;[32mThen &amp#27;[0m&amp#27;[32mthe response status code should be &amp#27;[0m&amp#27;[32m&amp#27;[1m200&amp#27;[0m     &amp#27;[90m# stepDefinitions.BookingSteps.the_response_status_code_should_be(java.lang.Integer)&amp#27;[0m
]]></system-out>
  </testcase>
  <testcase name="Create a room booking #2" classname="Test create a room booking" time="1.195">
    <system-out><![CDATA[
@CreateBooking @hotelbookingregressiontests @HappyFlow
Scenario Outline: Create a room booking           &amp#27;[90m# src/test/resources/features/CreateBooking.feature:15&amp#27;[0m
➡️ Booking API endpoint: api/booking
  &amp#27;[32mGiven &amp#27;[0m&amp#27;[32muser hits endpoint &amp#27;[0m&amp#27;[32m&amp#27;[1m"api/booking"&amp#27;[0m          &amp#27;[90m# stepDefinitions.BookingSteps.user_hits_endpoint(java.lang.String)&amp#27;[0m
➡️ Booking Response Status: 200
[
    
]
  &amp#27;[32mWhen &amp#27;[0m&amp#27;[32muser books the room with the given details&amp#27;[0m &amp#27;[90m# stepDefinitions.BookingSteps.user_books_the_room_with_the_given_details(io.cucumber.datatable.DataTable)&amp#27;[0m
    | firstname | lastname | email              | phone       | checkin    | checkout   |
    | User      | two      | user.two@gmail.com | 77775895464 | 2025-10-16 | 2025-10-18 |
  &amp#27;[32mThen &amp#27;[0m&amp#27;[32mthe response status code should be &amp#27;[0m&amp#27;[32m&amp#27;[1m200&amp#27;[0m     &amp#27;[90m# stepDefinitions.BookingSteps.the_response_status_code_should_be(java.lang.Integer)&amp#27;[0m
]]></system-out>
  </testcase>
  <testcase name="Create a room booking #3" classname="Test create a room booking" time="1.118">
    <system-out><![CDATA[
@CreateBooking @hotelbookingregressiontests @HappyFlow
Scenario Outline: Create a room booking           &amp#27;[90m# src/test/resources/features/CreateBooking.feature:16&amp#27;[0m
➡️ Booking API endpoint: api/booking
  &amp#27;[32mGiven &amp#27;[0m&amp#27;[32muser hits endpoint &amp#27;[0m&amp#27;[32m&amp#27;[1m"api/booking"&amp#27;[0m          &amp#27;[90m# stepDefinitions.BookingSteps.user_hits_endpoint(java.lang.String)&amp#27;[0m
➡️ Booking Response Status: 200
[
    
]
  &amp#27;[32mWhen &amp#27;[0m&amp#27;[32muser books the room with the given details&amp#27;[0m &amp#27;[90m# stepDefinitions.BookingSteps.user_books_the_room_with_the_given_details(io.cucumber.datatable.DataTable)&amp#27;[0m
    | firstname | lastname | email              | phone       | checkin    | checkout   |
    | User      | one      | user.one@gmail.com | 46666895464 | 2025-11-16 | 2025-11-19 |
  &amp#27;[32mThen &amp#27;[0m&amp#27;[32mthe response status code should be &amp#27;[0m&amp#27;[32m&amp#27;[1m200&amp#27;[0m     &amp#27;[90m# stepDefinitions.BookingSteps.the_response_status_code_should_be(java.lang.Integer)&amp#27;[0m
]]></system-out>
  </testcase>
  <testcase name="Verify login API returns 200 and token" classname="Admin Login API Testing" time="10.845">
    <system-out><![CDATA[
@HappyFlow
Scenario: Verify login API returns 200 and token                             &amp#27;[90m# src/test/resources/features/login.feature:4&amp#27;[0m
Status: 200
Token: 3UpFVM05VcFphMQQ
Token: 3UpFVM05VcFphMQQ
  &amp#27;[32mGiven &amp#27;[0m&amp#27;[32mI send a login request with username &amp#27;[0m&amp#27;[32m&amp#27;[1m"admin"&amp#27;[0m&amp#27;[32m and password &amp#27;[0m&amp#27;[32m&amp#27;[1m"password"&amp#27;[0m &amp#27;[90m# stepDefinitions.LoginSteps.i_send_login_request(java.lang.String,java.lang.String)&amp#27;[0m
✅ Verified login response: 200
  &amp#27;[32mThen &amp#27;[0m&amp#27;[32mI am checking login response should be &amp#27;[0m&amp#27;[32m&amp#27;[1m200&amp#27;[0m                            &amp#27;[90m# stepDefinitions.LoginSteps.i_am_checking_login_response_should_be(java.lang.Integer)&amp#27;[0m
✅ Token : 3UpFVM05VcFphMQQ
  &amp#27;[32mThen &amp#27;[0m&amp#27;[32mI should receive a valid token&amp#27;[0m                                        &amp#27;[90m# stepDefinitions.LoginSteps.i_should_receive_a_valid_token()&amp#27;[0m
]]></system-out>
  </testcase>
  <testcase name="Verify login with invalid credentials" classname="Admin Login API Testing" time="1.101">
    <system-out><![CDATA[
@InvalidParams
Scenario: Verify login with invalid credentials                               &amp#27;[90m# src/test/resources/features/login.feature:10&amp#27;[0m
Status: 401
Token: null
Token: null
  &amp#27;[32mGiven &amp#27;[0m&amp#27;[32mI send a login request with username &amp#27;[0m&amp#27;[32m&amp#27;[1m"admin1"&amp#27;[0m&amp#27;[32m and password &amp#27;[0m&amp#27;[32m&amp#27;[1m"password"&amp#27;[0m &amp#27;[90m# stepDefinitions.LoginSteps.i_send_login_request(java.lang.String,java.lang.String)&amp#27;[0m
✅ Verified login response: 401
  &amp#27;[32mThen &amp#27;[0m&amp#27;[32mI am checking login response should be &amp#27;[0m&amp#27;[32m&amp#27;[1m401&amp#27;[0m                             &amp#27;[90m# stepDefinitions.LoginSteps.i_am_checking_login_response_should_be(java.lang.Integer)&amp#27;[0m
✅ Token : null
  &amp#27;[32mThen &amp#27;[0m&amp#27;[32mI should receive a invalid token&amp#27;[0m                                       &amp#27;[90m# stepDefinitions.LoginSteps.i_should_receive_a_invalid_token()&amp#27;[0m
]]></system-out>
  </testcase>
  <testcase name="Verify login with valid User credentials" classname="Admin Login API Testing" time="0.91">
    <system-out><![CDATA[
@MissingMandatoryParams
Scenario: Verify login with valid User credentials                   &amp#27;[90m# src/test/resources/features/login.feature:16&amp#27;[0m
Status: 401
Token: null
Token: null
  &amp#27;[32mGiven &amp#27;[0m&amp#27;[32mI send a login request with username &amp#27;[0m&amp#27;[32m&amp#27;[1m"admin"&amp#27;[0m&amp#27;[32m and password &amp#27;[0m&amp#27;[32m&amp#27;[1m""&amp#27;[0m &amp#27;[90m# stepDefinitions.LoginSteps.i_send_login_request(java.lang.String,java.lang.String)&amp#27;[0m
✅ Verified login response: 401
  &amp#27;[32mThen &amp#27;[0m&amp#27;[32mI am checking login response should be &amp#27;[0m&amp#27;[32m&amp#27;[1m401&amp#27;[0m                    &amp#27;[90m# stepDefinitions.LoginSteps.i_am_checking_login_response_should_be(java.lang.Integer)&amp#27;[0m
✅ Token : null
  &amp#27;[32mThen &amp#27;[0m&amp#27;[32mI should receive a invalid token&amp#27;[0m                              &amp#27;[90m# stepDefinitions.LoginSteps.i_should_receive_a_invalid_token()&amp#27;[0m
]]></system-out>
  </testcase>
  <testcase name="Verify login API returns 200 and token" classname="Room API Testing" time="3.631">
    <system-out><![CDATA[
@HappyFlow
Scenario: Verify login API returns 200 and token                             &amp#27;[90m# src/test/resources/features/room.feature:5&amp#27;[0m
Status: 200
Token: 5p34GuN3PrMd9QF0
Token: 5p34GuN3PrMd9QF0
  &amp#27;[32mGiven &amp#27;[0m&amp#27;[32mI send a login request with username &amp#27;[0m&amp#27;[32m&amp#27;[1m"admin"&amp#27;[0m&amp#27;[32m and password &amp#27;[0m&amp#27;[32m&amp#27;[1m"password"&amp#27;[0m &amp#27;[90m# stepDefinitions.LoginSteps.i_send_login_request(java.lang.String,java.lang.String)&amp#27;[0m
✅ Verified login response: 200
  &amp#27;[32mThen &amp#27;[0m&amp#27;[32mI am checking login response should be &amp#27;[0m&amp#27;[32m&amp#27;[1m200&amp#27;[0m                            &amp#27;[90m# stepDefinitions.LoginSteps.i_am_checking_login_response_should_be(java.lang.Integer)&amp#27;[0m
✅ Token : 5p34GuN3PrMd9QF0
  &amp#27;[32mThen &amp#27;[0m&amp#27;[32mI should receive a valid token&amp#27;[0m                                        &amp#27;[90m# stepDefinitions.LoginSteps.i_should_receive_a_valid_token()&amp#27;[0m
Token expired, generating a new one...
✅ Generated Token: vi4sODB19ExIeObu
  &amp#27;[32mGiven &amp#27;[0m&amp#27;[32mI have a valid login token&amp#27;[0m                                           &amp#27;[90m# stepDefinitions.RoomSteps.i_have_a_valid_login_token()&amp#27;[0m
Token in RoomSteps: vi4sODB19ExIeObu
Room creation status: 200
Room creation body: {"success":true}
  &amp#27;[32mWhen &amp#27;[0m&amp#27;[32mI send a request to create a room&amp#27;[0m                                     &amp#27;[90m# stepDefinitions.RoomSteps.i_send_a_request_to_create_a_room()&amp#27;[0m
]]></system-out>
  </testcase>
</testsuite>